  BaseObject.cpp
C:\Users\ATC\OneDrive - ptit.edu.vn\Desktop\FlappyBird\FlappyBird\CommonFunc.h(50,2): warning C4091: 'typedef ': ignored on left of 'GeometricFormat' when no variable is declared
C:\Users\ATC\OneDrive - ptit.edu.vn\Desktop\FlappyBird\FlappyBird\CommonFunc.h(62,2): warning C4091: 'typedef ': ignored on left of 'ColorData' when no variable is declared
  BlockObject.cpp
C:\Users\ATC\OneDrive - ptit.edu.vn\Desktop\FlappyBird\FlappyBird\CommonFunc.h(50,2): warning C4091: 'typedef ': ignored on left of 'GeometricFormat' when no variable is declared
C:\Users\ATC\OneDrive - ptit.edu.vn\Desktop\FlappyBird\FlappyBird\CommonFunc.h(62,2): warning C4091: 'typedef ': ignored on left of 'ColorData' when no variable is declared
C:\Users\ATC\OneDrive - ptit.edu.vn\Desktop\FlappyBird\FlappyBird\BlockObject.cpp(70,24): warning C4805: '==': unsafe mix of type 'int' and type 'bool' in operation
C:\Users\ATC\OneDrive - ptit.edu.vn\Desktop\FlappyBird\FlappyBird\BlockObject.cpp(174,23): warning C4018: '<': signed/unsigned mismatch
C:\Users\ATC\OneDrive - ptit.edu.vn\Desktop\FlappyBird\FlappyBird\BlockObject.cpp(224,23): warning C4018: '<': signed/unsigned mismatch
  CommonFunc.cpp
C:\Users\ATC\OneDrive - ptit.edu.vn\Desktop\FlappyBird\FlappyBird\CommonFunc.h(50,2): warning C4091: 'typedef ': ignored on left of 'GeometricFormat' when no variable is declared
C:\Users\ATC\OneDrive - ptit.edu.vn\Desktop\FlappyBird\FlappyBird\CommonFunc.h(62,2): warning C4091: 'typedef ': ignored on left of 'ColorData' when no variable is declared
C:\Users\ATC\OneDrive - ptit.edu.vn\Desktop\FlappyBird\FlappyBird\CommonFunc.cpp(44,33): warning C4244: '=': conversion from 'double' to 'int', possible loss of data
C:\Users\ATC\OneDrive - ptit.edu.vn\Desktop\FlappyBird\FlappyBird\CommonFunc.cpp(45,34): warning C4244: '=': conversion from 'double' to 'int', possible loss of data
C:\Users\ATC\OneDrive - ptit.edu.vn\Desktop\FlappyBird\FlappyBird\CommonFunc.cpp(46,33): warning C4244: '=': conversion from 'double' to 'int', possible loss of data
C:\Users\ATC\OneDrive - ptit.edu.vn\Desktop\FlappyBird\FlappyBird\CommonFunc.cpp(47,34): warning C4244: '=': conversion from 'double' to 'int', possible loss of data
C:\Users\ATC\OneDrive - ptit.edu.vn\Desktop\FlappyBird\FlappyBird\CommonFunc.cpp(28,18): warning C4101: 'menu': unreferenced local variable
  Geometric.cpp
C:\Users\ATC\OneDrive - ptit.edu.vn\Desktop\FlappyBird\FlappyBird\CommonFunc.h(50,2): warning C4091: 'typedef ': ignored on left of 'GeometricFormat' when no variable is declared
C:\Users\ATC\OneDrive - ptit.edu.vn\Desktop\FlappyBird\FlappyBird\CommonFunc.h(62,2): warning C4091: 'typedef ': ignored on left of 'ColorData' when no variable is declared
  ImpTimer.cpp
C:\Users\ATC\OneDrive - ptit.edu.vn\Desktop\FlappyBird\FlappyBird\CommonFunc.h(50,2): warning C4091: 'typedef ': ignored on left of 'GeometricFormat' when no variable is declared
C:\Users\ATC\OneDrive - ptit.edu.vn\Desktop\FlappyBird\FlappyBird\CommonFunc.h(62,2): warning C4091: 'typedef ': ignored on left of 'ColorData' when no variable is declared
  PlayerObject.cpp
C:\Users\ATC\OneDrive - ptit.edu.vn\Desktop\FlappyBird\FlappyBird\CommonFunc.h(50,2): warning C4091: 'typedef ': ignored on left of 'GeometricFormat' when no variable is declared
C:\Users\ATC\OneDrive - ptit.edu.vn\Desktop\FlappyBird\FlappyBird\CommonFunc.h(62,2): warning C4091: 'typedef ': ignored on left of 'ColorData' when no variable is declared
C:\Users\ATC\OneDrive - ptit.edu.vn\Desktop\FlappyBird\FlappyBird\PlayerObject.cpp(57,16): warning C4244: '+=': conversion from 'float' to 'int', possible loss of data
  TextObject.cpp
C:\Users\ATC\OneDrive - ptit.edu.vn\Desktop\FlappyBird\FlappyBird\CommonFunc.h(50,2): warning C4091: 'typedef ': ignored on left of 'GeometricFormat' when no variable is declared
C:\Users\ATC\OneDrive - ptit.edu.vn\Desktop\FlappyBird\FlappyBird\CommonFunc.h(62,2): warning C4091: 'typedef ': ignored on left of 'ColorData' when no variable is declared
  main.cpp
C:\Users\ATC\OneDrive - ptit.edu.vn\Desktop\FlappyBird\FlappyBird\CommonFunc.h(50,2): warning C4091: 'typedef ': ignored on left of 'GeometricFormat' when no variable is declared
C:\Users\ATC\OneDrive - ptit.edu.vn\Desktop\FlappyBird\FlappyBird\CommonFunc.h(62,2): warning C4091: 'typedef ': ignored on left of 'ColorData' when no variable is declared
C:\Users\ATC\OneDrive - ptit.edu.vn\Desktop\FlappyBird\FlappyBird\main.cpp(192,54): warning C4244: 'argument': conversion from 'double' to 'int', possible loss of data
  Generating Code...
  FlappyBird.vcxproj -> C:\Users\ATC\OneDrive - ptit.edu.vn\Desktop\FlappyBird\Debug\FlappyBird.exe
